<?xml version="1.0" encoding="UTF-8"?>
<!-- Generated by org.testng.reporters.JUnitXMLReporter -->
<testsuite hostname="sagitec-0175" ignored="0" name="TMDB" tests="12" failures="1" timestamp="2020-02-08T19:51:10 PST" time="10.663" errors="0">
  <testcase name="searchMovies" time="3.358" classname="com.TMDB.testCases.TC01_SearchMovies"/>
  <testcase name="rateMovie" time="0.876" classname="com.TMDB.testCases.TC02_RateMovie"/>
  <testcase name="searchMoviefromImdb" time="0.444" classname="com.TMDB.testCases.TC03_SearchMovieFromIMDB"/>
  <testcase name="markMovieFavorite" time="0.783" classname="com.TMDB.testCases.TC04_MarkMovieAsFavorite"/>
  <testcase name="markMovieFavoriteInvalidApi" time="0.483" classname="com.TMDB.testCases.TC05_MarkMovieAsFav_InvalidAPIKey"/>
  <testcase name="markMovieFavoriteInvalidMovieId" time="0.447" classname="com.TMDB.testCases.TC06_MarkMovieAsFav_InvalidMovieID"/>
  <testcase name="UnmarkMovieFavorite" time="1.251" classname="com.TMDB.testCases.TC07_UnmarkMovieAsFavorite"/>
  <testcase name="createList" time="0.899" classname="com.TMDB.testCases.TC08_CreateList"/>
  <testcase name="deleteList" time="0.444" classname="com.TMDB.testCases.TC09_DeleteList">
    <failure type="java.lang.AssertionError" message="expected [201] but found [422]">
      <![CDATA[java.lang.AssertionError: expected [201] but found [422]
at com.TMDB.testCases.Common_Methods.responseStatusCodeValidation(Common_Methods.java:115)
at com.TMDB.testCases.TC09_DeleteList.deleteList(TC09_DeleteList.java:53)
at java.util.ArrayList.forEach(Unknown Source)
... Removed 32 stack frames]]>
    </failure>
  </testcase> <!-- deleteList -->
  <testcase name="deleteListInvalidListId" time="0.788" classname="com.TMDB.testCases.TC10_DeleteInvalidListID"/>
  <testcase name="deleteListInvalidSessionId" time="0.408" classname="com.TMDB.testCases.TC11_DeleteListInvalidSessionID"/>
  <testcase name="deleteListInvalidApiKey" time="0.38" classname="com.TMDB.testCases.TC12_DeleteListInvalidAPIKey"/>
</testsuite> <!-- TMDB -->
